<?xml version="1.0" encoding="UTF-8"?>
<testng-results ignored="0" total="1" passed="1" failed="0" skipped="0">
  <reporter-output>
  </reporter-output>
  <suite started-at="2024-06-24T13:59:20 IST" name="Default suite" finished-at="2024-06-24T13:59:38 IST" duration-ms="18476">
    <groups>
    </groups>
    <test started-at="2024-06-24T13:59:20 IST" name="Default test" finished-at="2024-06-24T13:59:38 IST" duration-ms="18476">
      <class name="OpenBrowser">
        <test-method is-config="true" signature="setup()[pri:0, instance:OpenBrowser@4d154ccd]" started-at="2024-06-24T13:59:20 IST" name="setup" finished-at="2024-06-24T13:59:22 IST" duration-ms="2371" status="PASS">
          <reporter-output>
          </reporter-output>
        </test-method> <!-- setup -->
        <test-method signature="loginTest()[pri:0, instance:OpenBrowser@4d154ccd]" started-at="2024-06-24T13:59:22 IST" name="loginTest" finished-at="2024-06-24T13:59:38 IST" duration-ms="15580" status="PASS">
          <reporter-output>
          </reporter-output>
        </test-method> <!-- loginTest -->
        <test-method is-config="true" signature="teardown()[pri:0, instance:OpenBrowser@4d154ccd]" started-at="2024-06-24T13:59:38 IST" name="teardown" finished-at="2024-06-24T13:59:38 IST" duration-ms="418" status="PASS">
          <reporter-output>
          </reporter-output>
        </test-method> <!-- teardown -->
      </class> <!-- OpenBrowser -->
    </test> <!-- Default test -->
  </suite> <!-- Default suite -->
</testng-results>
